<?xml version="1.0" encoding="UTF-8"?>
<!-- Generated by org.testng.reporters.JUnitReportReporter -->
<testsuite hostname="DESKTOP-SJNPATC" failures="0" tests="5" name="com.ta.xero_automation.TestID_02_B_SignUp_to_XDC" time="22.520" errors="0" timestamp="28 Sep 2020 20:36:46 GMT" skipped="0">
  <testcase classname="com.ta.xero_automation.TestID_02_B_SignUp_to_XDC" name="launchPageTest" time="0.065"/>
  <testcase classname="com.ta.xero_automation.TestID_02_B_SignUp_to_XDC" name="FreeTrialPageTest" time="0.969"/>
  <testcase classname="com.ta.xero_automation.TestID_02_B_SignUp_to_XDC" name="FreeTrialPageTest1" time="0.404"/>
  <testcase classname="com.ta.xero_automation.TestID_02_B_SignUp_to_XDC" name="WrongEmail" time="4.314"/>
  <testcase classname="com.ta.xero_automation.TestID_02_B_SignUp_to_XDC" name="PolicyBoxTest" time="16.768"/>
</testsuite> <!-- com.ta.xero_automation.TestID_02_B_SignUp_to_XDC -->
