<?xml version="1.0" encoding="UTF-8"?>
<!-- Generated by org.testng.reporters.JUnitReportReporter -->
<testsuite hostname="DESKTOP-SJNPATC" failures="0" tests="3" name="com.ta.xero_automation.TestID_01_C_Incorrect_Email" time="10.041" errors="0" timestamp="28 Sep 2020 20:29:45 GMT" skipped="0">
  <testcase classname="com.ta.xero_automation.TestID_01_C_Incorrect_Email" name="launchPageTest" time="0.025"/>
  <testcase classname="com.ta.xero_automation.TestID_01_C_Incorrect_Email" name="logintest" time="9.948"/>
  <testcase classname="com.ta.xero_automation.TestID_01_C_Incorrect_Email" name="ErrorMsgTest" time="0.068"/>
</testsuite> <!-- com.ta.xero_automation.TestID_01_C_Incorrect_Email -->
