<?xml version="1.0" encoding="UTF-8"?>
<!-- Generated by org.testng.reporters.JUnitReportReporter -->
<testsuite hostname="DESKTOP-SJNPATC" failures="0" tests="3" name="com.ta.xero_automation.TestID_02_A_SignUp_to_XDC" time="20.322" errors="0" timestamp="28 Sep 2020 20:36:46 GMT" skipped="0">
  <testcase classname="com.ta.xero_automation.TestID_02_A_SignUp_to_XDC" name="launchPageTest" time="0.074"/>
  <testcase classname="com.ta.xero_automation.TestID_02_A_SignUp_to_XDC" name="FreeTrialPageTest" time="1.606"/>
  <testcase classname="com.ta.xero_automation.TestID_02_A_SignUp_to_XDC" name="FillTrialPageTest" time="18.642"/>
</testsuite> <!-- com.ta.xero_automation.TestID_02_A_SignUp_to_XDC -->
