<?xml version="1.0" encoding="UTF-8"?>
<!-- Generated by org.testng.reporters.JUnitReportReporter -->
<testsuite hostname="DESKTOP-SJNPATC" failures="0" tests="3" name="com.ta.xero_automation.TestID_08_D_Add_organization_StandardPlan" time="37.975" errors="0" timestamp="28 Sep 2020 20:49:29 GMT" skipped="0">
  <testcase classname="com.ta.xero_automation.TestID_08_D_Add_organization_StandardPlan" name="launchPageTest" time="0.017"/>
  <testcase classname="com.ta.xero_automation.TestID_08_D_Add_organization_StandardPlan" name="logintest" time="15.599"/>
  <testcase classname="com.ta.xero_automation.TestID_08_D_Add_organization_StandardPlan" name="AddOrganizationtest" time="22.359"/>
</testsuite> <!-- com.ta.xero_automation.TestID_08_D_Add_organization_StandardPlan -->
