<?xml version="1.0" encoding="UTF-8"?>
<!-- Generated by org.testng.reporters.JUnitReportReporter -->
<testsuite hostname="DESKTOP-SJNPATC" failures="0" tests="3" name="com.ta.xero_automation.TestID_01_A_Navigate_to_XERO" time="18.988" errors="0" timestamp="28 Sep 2020 20:29:45 GMT" skipped="0">
  <testcase classname="com.ta.xero_automation.TestID_01_A_Navigate_to_XERO" name="launchPageTest" time="0.033"/>
  <testcase classname="com.ta.xero_automation.TestID_01_A_Navigate_to_XERO" name="logintest" time="18.900"/>
  <testcase classname="com.ta.xero_automation.TestID_01_A_Navigate_to_XERO" name="HomePageTest" time="0.055"/>
</testsuite> <!-- com.ta.xero_automation.TestID_01_A_Navigate_to_XERO -->
