<?xml version="1.0" encoding="UTF-8"?>
<!-- Generated by org.testng.reporters.JUnitReportReporter -->
<testsuite hostname="DESKTOP-SJNPATC" failures="0" tests="13" name="com.ta.xero_automation.TestID_03_A_Test_all_tabs_page" time="31.166" errors="0" timestamp="28 Sep 2020 20:44:50 GMT" skipped="0">
  <testcase classname="com.ta.xero_automation.TestID_03_A_Test_all_tabs_page" name="launchPageTest" time="0.057"/>
  <testcase classname="com.ta.xero_automation.TestID_03_A_Test_all_tabs_page" name="logintest" time="19.102"/>
  <testcase classname="com.ta.xero_automation.TestID_03_A_Test_all_tabs_page" name="HomePageTest" time="0.033"/>
  <testcase classname="com.ta.xero_automation.TestID_03_A_Test_all_tabs_page" name="DashBoardPageTest" time="1.225"/>
  <testcase classname="com.ta.xero_automation.TestID_03_A_Test_all_tabs_page" name="AccountingPageTest" time="0.347"/>
  <testcase classname="com.ta.xero_automation.TestID_03_A_Test_all_tabs_page" name="ReportsPageTest" time="3.295"/>
  <testcase classname="com.ta.xero_automation.TestID_03_A_Test_all_tabs_page" name="contactsPageTest" time="0.170"/>
  <testcase classname="com.ta.xero_automation.TestID_03_A_Test_all_tabs_page" name="SettingsPageTest" time="1.858"/>
  <testcase classname="com.ta.xero_automation.TestID_03_A_Test_all_tabs_page" name="NewDropDownTest" time="0.125"/>
  <testcase classname="com.ta.xero_automation.TestID_03_A_Test_all_tabs_page" name="FilesPageTest" time="3.861"/>
  <testcase classname="com.ta.xero_automation.TestID_03_A_Test_all_tabs_page" name="NotificationPageTest" time="0.502"/>
  <testcase classname="com.ta.xero_automation.TestID_03_A_Test_all_tabs_page" name="SearchBarTest" time="0.342"/>
  <testcase classname="com.ta.xero_automation.TestID_03_A_Test_all_tabs_page" name="HelpAreaTest" time="0.249"/>
</testsuite> <!-- com.ta.xero_automation.TestID_03_A_Test_all_tabs_page -->
