<?xml version="1.0" encoding="UTF-8"?>
<!-- Generated by org.testng.reporters.JUnitReportReporter -->
<testsuite hostname="DESKTOP-SJNPATC" failures="0" tests="3" name="com.ta.xero_automation.TestID_01_B_Incorrect_Password" time="10.491" errors="0" timestamp="28 Sep 2020 20:29:45 GMT" skipped="0">
  <testcase classname="com.ta.xero_automation.TestID_01_B_Incorrect_Password" name="launchPageTest" time="0.036"/>
  <testcase classname="com.ta.xero_automation.TestID_01_B_Incorrect_Password" name="logintest" time="10.388"/>
  <testcase classname="com.ta.xero_automation.TestID_01_B_Incorrect_Password" name="ErrorMsgTest" time="0.067"/>
</testsuite> <!-- com.ta.xero_automation.TestID_01_B_Incorrect_Password -->
