<?xml version="1.0" encoding="UTF-8"?>
<!-- Generated by org.testng.reporters.JUnitReportReporter -->
<testsuite hostname="DESKTOP-SJNPATC" failures="0" tests="4" name="com.ta.xero_automation.TestID_08_A_Add_organizationTrail_version1" time="32.314" errors="0" timestamp="28 Sep 2020 20:49:29 GMT" skipped="0">
  <testcase classname="com.ta.xero_automation.TestID_08_A_Add_organizationTrail_version1" name="launchPageTest" time="0.343"/>
  <testcase classname="com.ta.xero_automation.TestID_08_A_Add_organizationTrail_version1" name="logintest" time="16.036"/>
  <testcase classname="com.ta.xero_automation.TestID_08_A_Add_organizationTrail_version1" name="MyXerotest" time="0.287"/>
  <testcase classname="com.ta.xero_automation.TestID_08_A_Add_organizationTrail_version1" name="AddOrganizationtest" time="15.648"/>
</testsuite> <!-- com.ta.xero_automation.TestID_08_A_Add_organizationTrail_version1 -->
