<?xml version="1.0" encoding="UTF-8"?>
<!-- Generated by org.testng.reporters.JUnitReportReporter -->
<testsuite hostname="DESKTOP-SJNPATC" failures="0" tests="2" name="com.ta.xero_automation.TestID_01_A_Navigate_to_XERO" time="23.080" errors="0" timestamp="28 Sep 2020 21:56:18 GMT" skipped="0">
  <testcase classname="com.ta.xero_automation.TestID_01_A_Navigate_to_XERO" name="launchPageTest" time="0.171"/>
  <testcase classname="com.ta.xero_automation.TestID_01_A_Navigate_to_XERO" name="logintest" time="22.909"/>
</testsuite> <!-- com.ta.xero_automation.TestID_01_A_Navigate_to_XERO -->
