<?xml version="1.0" encoding="UTF-8"?>
<!-- Generated by org.testng.reporters.JUnitReportReporter -->
<testsuite hostname="DESKTOP-SJNPATC" failures="0" tests="2" name="com.ta.xero_automation.TestID_02_A_SignUp_to_XDC" time="2.425" errors="0" timestamp="28 Sep 2020 21:56:18 GMT" skipped="0">
  <testcase classname="com.ta.xero_automation.TestID_02_A_SignUp_to_XDC" name="launchPageTest" time="0.055"/>
  <testcase classname="com.ta.xero_automation.TestID_02_A_SignUp_to_XDC" name="FreeTrialPageTest" time="2.370"/>
</testsuite> <!-- com.ta.xero_automation.TestID_02_A_SignUp_to_XDC -->
