<?xml version="1.0" encoding="UTF-8"?>
<!-- Generated by org.testng.reporters.JUnitReportReporter -->
<testsuite hostname="DESKTOP-SJNPATC" failures="0" tests="1" name="com.ta.xero_automation.TestID_08_E_Add_another_organization_PremiumPlan" time="0.021" errors="0" timestamp="28 Sep 2020 21:56:18 GMT" skipped="0">
  <testcase classname="com.ta.xero_automation.TestID_08_E_Add_another_organization_PremiumPlan" name="launchPageTest" time="0.021"/>
</testsuite> <!-- com.ta.xero_automation.TestID_08_E_Add_another_organization_PremiumPlan -->
