<?xml version="1.0" encoding="UTF-8"?>
<!-- Generated by org.testng.reporters.JUnitReportReporter -->
<testsuite hostname="DESKTOP-SJNPATC" failures="0" tests="1" name="com.ta.xero_automation.TestID_08_B_Add_organizationTrail_version1" time="0.018" errors="0" timestamp="28 Sep 2020 21:56:18 GMT" skipped="0">
  <testcase classname="com.ta.xero_automation.TestID_08_B_Add_organizationTrail_version1" name="launchPageTest" time="0.018"/>
</testsuite> <!-- com.ta.xero_automation.TestID_08_B_Add_organizationTrail_version1 -->
