<?xml version="1.0" encoding="UTF-8"?>
<!-- Generated by org.testng.reporters.JUnitReportReporter -->
<testsuite hostname="DESKTOP-SJNPATC" failures="0" tests="2" name="com.ta.xero_automation.TestID_01_C_Incorrect_Email" time="12.648" errors="0" timestamp="28 Sep 2020 21:56:18 GMT" skipped="0">
  <testcase classname="com.ta.xero_automation.TestID_01_C_Incorrect_Email" name="launchPageTest" time="0.018"/>
  <testcase classname="com.ta.xero_automation.TestID_01_C_Incorrect_Email" name="logintest" time="12.630"/>
</testsuite> <!-- com.ta.xero_automation.TestID_01_C_Incorrect_Email -->
