<?xml version="1.0" encoding="UTF-8"?>
<!-- Generated by org.testng.reporters.JUnitReportReporter -->
<testsuite hostname="DESKTOP-SJNPATC" failures="0" tests="2" name="com.ta.xero_automation.TestID_01_B_Incorrect_Password" time="12.539" errors="0" timestamp="28 Sep 2020 21:56:18 GMT" skipped="0">
  <testcase classname="com.ta.xero_automation.TestID_01_B_Incorrect_Password" name="launchPageTest" time="0.038"/>
  <testcase classname="com.ta.xero_automation.TestID_01_B_Incorrect_Password" name="logintest" time="12.501"/>
</testsuite> <!-- com.ta.xero_automation.TestID_01_B_Incorrect_Password -->
