<?xml version="1.0" encoding="UTF-8"?>
<!-- Generated by org.testng.reporters.JUnitReportReporter -->
<testsuite hostname="DESKTOP-SJNPATC" failures="0" tests="1" name="com.ta.xero_automation.TestID_03_A_Test_all_tabs_page" time="0.029" errors="0" timestamp="28 Sep 2020 21:56:18 GMT" skipped="0">
  <testcase classname="com.ta.xero_automation.TestID_03_A_Test_all_tabs_page" name="launchPageTest" time="0.029"/>
</testsuite> <!-- com.ta.xero_automation.TestID_03_A_Test_all_tabs_page -->
