<?xml version="1.0" encoding="UTF-8" ?>
<testsuite tests="24" failures="0" name="TestSuite" time="55.503" errors="0" skipped="0">
  <properties>
    <property name="JOB_NAME" value="xero_build1"/>
    <property name="java.vendor" value="Oracle Corporation"/>
    <property name="sun.java.launcher" value="SUN_STANDARD"/>
    <property name="RUN_TESTS_DISPLAY_URL" value="http://localhost:8080/job/xero_build1/10/display/redirect?page=tests"/>
    <property name="NUMBER_OF_PROCESSORS" value="12"/>
    <property name="sun.management.compiler" value="HotSpot 64-Bit Tiered Compilers"/>
    <property name="JENKINS_HOME" value="C:\Users\dolby\.jenkins"/>
    <property name="FPS_BROWSER_USER_PROFILE_STRING" value="Default"/>
    <property name="HUDSON_SERVER_COOKIE" value="3d37e565b8dc9599"/>
    <property name="POM_ARTIFACTID" value="xero_automation"/>
    <property name="os.name" value="Windows 10"/>
    <property name="EXECUTOR_NUMBER" value="1"/>
    <property name="PATHEXT" value=".COM;.EXE;.BAT;.CMD;.VBS;.VBE;.JS;.JSE;.WSF;.WSH;.MSC"/>
    <property name="POM_DISPLAYNAME" value="xero_automation"/>
    <property name="java.vm.specification.vendor" value="Oracle Corporation"/>
    <property name="TEMP" value="C:\Users\dolby\AppData\Local\Temp"/>
    <property name="NODE_LABELS" value="master"/>
    <property name="java.runtime.version" value="14.0.1+7"/>
    <property name="FPS_BROWSER_APP_PROFILE_STRING" value="Internet Explorer"/>
    <property name="user.name" value="dolby"/>
    <property name="guice.disable.misplaced.annotation.check" value="true"/>
    <property name="CommonProgramW6432" value="C:\Program Files\Common Files"/>
    <property name="ProgramFiles" value="C:\Program Files (x86)"/>
    <property name="PROMPT" value="$P$G"/>
    <property name="user.language" value="en"/>
    <property name="JOB_BASE_NAME" value="xero_build1"/>
    <property name="RUN_CHANGES_DISPLAY_URL" value="http://localhost:8080/job/xero_build1/10/display/redirect?page=changes"/>
    <property name="BUILD_DISPLAY_NAME" value="#10"/>
    <property name="OneDrive" value="C:\Users\dolby\OneDrive"/>
    <property name="sun.boot.library.path" value="C:\Program Files\Java\jdk-14.0.1\bin"/>
    <property name="java.vm.compressedOopsMode" value="Zero based"/>
    <property name="LOCALAPPDATA" value="C:\Users\dolby\AppData\Local"/>
    <property name="java.version" value="14.0.1"/>
    <property name="user.timezone" value="America/Los_Angeles"/>
    <property name="PROCESSOR_LEVEL" value="6"/>
    <property name="USERNAME" value="dolby"/>
    <property name="sun.arch.data.model" value="64"/>
    <property name="PROCESSOR_ARCHITEW6432" value="AMD64"/>
    <property name="NODE_NAME" value="master"/>
    <property name="OneDriveConsumer" value="C:\Users\dolby\OneDrive"/>
    <property name="BUILD_ID" value="10"/>
    <property name="sun.cpu.isalist" value="amd64"/>
    <property name="sun.jnu.encoding" value="Cp1252"/>
    <property name="maven.conf" value="C:\Users\dolby\Downloads\apache-maven-3.6.3\conf"/>
    <property name="HOMEDRIVE" value="C:"/>
    <property name="file.separator" value="\"/>
    <property name="java.specification.name" value="Java Platform API Specification"/>
    <property name="java.class.version" value="58.0"/>
    <property name="=::" value="::\"/>
    <property name="SCITE_USERHOME" value="C:\Users\dolby\AppData\Local\AutoIt v3\SciTE"/>
    <property name="org.slf4j.simpleLogger.defaultLogLevel" value="info"/>
    <property name="user.country" value="US"/>
    <property name="ALLUSERSPROFILE" value="C:\ProgramData"/>
    <property name="java.home" value="C:\Program Files\Java\jdk-14.0.1"/>
    <property name="java.vm.info" value="mixed mode, sharing"/>
    <property name="os.version" value="10.0"/>
    <property name="=ExitCode" value="00000082"/>
    <property name="RUN_DISPLAY_URL" value="http://localhost:8080/job/xero_build1/10/display/redirect"/>
    <property name="POM_VERSION" value="0.0.1-SNAPSHOT"/>
    <property name="TMP" value="C:\Users\dolby\AppData\Local\Temp"/>
    <property name="path.separator" value=";"/>
    <property name="RUN_ARTIFACTS_DISPLAY_URL" value="http://localhost:8080/job/xero_build1/10/display/redirect?page=artifacts"/>
    <property name="java.vm.version" value="14.0.1+7"/>
    <property name="user.variant" value=""/>
    <property name="CommonProgramFiles(x86)" value="C:\Program Files (x86)\Common Files"/>
    <property name="JOB_DISPLAY_URL" value="http://localhost:8080/job/xero_build1/display/redirect"/>
    <property name="USERDOMAIN_ROAMINGPROFILE" value="DESKTOP-SJNPATC"/>
    <property name="CommonProgramFiles" value="C:\Program Files (x86)\Common Files"/>
    <property name="sun.io.unicode.encoding" value="UnicodeLittle"/>
    <property name="JAVA_HOME" value="C:\Program Files (x86)\Java\jre1.8.0_261"/>
    <property name="ComSpec" value="C:\WINDOWS\system32\cmd.exe"/>
    <property name="HOMEPATH" value="\Users\dolby"/>
    <property name="POM_PACKAGING" value="jar"/>
    <property name="COMPUTERNAME" value="DESKTOP-SJNPATC"/>
    <property name="user.script" value=""/>
    <property name="POM_GROUPID" value="com.ta"/>
    <property name="user.home" value="C:\Users\dolby"/>
    <property name="PUBLIC" value="C:\Users\Public"/>
    <property name="BUILD_TAG" value="jenkins-xero_build1-10"/>
    <property name="JENKINS_SERVER_COOKIE" value="3d37e565b8dc9599"/>
    <property name="HUDSON_URL" value="http://localhost:8080/"/>
    <property name="ProgramData" value="C:\ProgramData"/>
    <property name="java.version.date" value="2020-04-14"/>
    <property name="java.specification.vendor" value="Oracle Corporation"/>
    <property name="USERPROFILE" value="C:\Users\dolby"/>
    <property name="CLASSPATH" value=""/>
    <property name="java.library.path" value="C:\Program Files\Java\jdk-14.0.1\bin;C:\WINDOWS\Sun\Java\bin;C:\WINDOWS\system32;C:\WINDOWS;C:\Users\dolby\Downloads\apache-maven-3.6.3/bin;C:\Program Files\Java\jdk-14.0.1/bin;C:\Program Files\Java\jdk-14.0.1/bin;C:\Python3;C:\Python3\Scripts;C:\Program Files (x86)\Common Files\Oracle\Java\javapath;C:\WINDOWS\system32;C:\WINDOWS;C:\WINDOWS\System32\Wbem;C:\WINDOWS\System32\WindowsPowerShell\v1.0\;C:\WINDOWS\System32\OpenSSH\;C:\Users\dolby\Downloads\apache-maven-3.6.3\bin;C:\Program Files\Git\cmd;C:\Program Files\nodejs\;C:\Program Files (x86)\Java\jre1.8.0_261\bin;C:\Program Files\Java\jdk-14.0.1\bin;C:\Users\dolby\AppData\Local\Android\Sdk\tools;C:\Users\dolby\AppData\Local\Android\Sdk\platform-tools;C:\Users\dolby\AppData\Local\Android\Sdk\tools\bin;C:\Program Files (x86)\Java\jre1.8.0_261\bin;C:\Users\dolby\.m2\repository\webdriver\chromedriver\win32\85.0.4183.87;C:\Users\dolby\Downloads\edge;C:\Python3;C:\Python3\Scripts;C:\Program Files\MySQL\MySQL Shell 8.0\bin\;C:\Users\dolby\AppData\Local\Microsoft\WindowsApps;C:\Users\dolby\AppData\Roaming\npm;C:\Users\dolby\AppData\Local\Programs\Microsoft VS Code\bin;C:\Users\dolby\Downloads\edge;;."/>
    <property name="java.vendor.url" value="https://java.oracle.com/"/>
    <property name="java.vm.vendor" value="Oracle Corporation"/>
    <property name="APPDATA" value="C:\Users\dolby\AppData\Roaming"/>
    <property name="java.runtime.name" value="Java(TM) SE Runtime Environment"/>
    <property name="maven.home" value="C:\Users\dolby\Downloads\apache-maven-3.6.3"/>
    <property name="java.class.path" value="C:\Users\dolby\.jenkins\plugins\maven-plugin\WEB-INF\lib\maven35-agent-1.13.jar;C:\Users\dolby\Downloads\apache-maven-3.6.3\boot\plexus-classworlds-2.6.0.jar;C:\Users\dolby\Downloads\apache-maven-3.6.3/conf/logging"/>
    <property name="sun.java.command" value="jenkins.maven3.agent.Maven35Main C:\Users\dolby\Downloads\apache-maven-3.6.3 C:\Users\dolby\.jenkins\war\WEB-INF\lib\remoting-4.5.jar C:\Users\dolby\.jenkins\plugins\maven-plugin\WEB-INF\lib\maven35-interceptor-1.13.jar C:\Users\dolby\.jenkins\plugins\maven-plugin\WEB-INF\lib\maven3-interceptor-commons-1.13.jar 50596"/>
    <property name="Path" value="C:\Program Files\Java\jdk-14.0.1/bin;C:\Python3;C:\Python3\Scripts;C:\Program Files (x86)\Common Files\Oracle\Java\javapath;C:\WINDOWS\system32;C:\WINDOWS;C:\WINDOWS\System32\Wbem;C:\WINDOWS\System32\WindowsPowerShell\v1.0\;C:\WINDOWS\System32\OpenSSH\;C:\Users\dolby\Downloads\apache-maven-3.6.3\bin;C:\Program Files\Git\cmd;C:\Program Files\nodejs\;C:\Program Files (x86)\Java\jre1.8.0_261\bin;C:\Program Files\Java\jdk-14.0.1\bin;C:\Users\dolby\AppData\Local\Android\Sdk\tools;C:\Users\dolby\AppData\Local\Android\Sdk\platform-tools;C:\Users\dolby\AppData\Local\Android\Sdk\tools\bin;C:\Program Files (x86)\Java\jre1.8.0_261\bin;C:\Users\dolby\.m2\repository\webdriver\chromedriver\win32\85.0.4183.87;C:\Users\dolby\Downloads\edge;C:\Python3;C:\Python3\Scripts;C:\Program Files\MySQL\MySQL Shell 8.0\bin\;C:\Users\dolby\AppData\Local\Microsoft\WindowsApps;C:\Users\dolby\AppData\Roaming\npm;C:\Users\dolby\AppData\Local\Programs\Microsoft VS Code\bin;C:\Users\dolby\Downloads\edge;"/>
    <property name="jdk.debug" value="release"/>
    <property name="PROCESSOR_ARCHITECTURE" value="x86"/>
    <property name="java.vm.specification.name" value="Java Virtual Machine Specification"/>
    <property name="PATH+JDK" value="C:\Program Files\Java\jdk-14.0.1/bin"/>
    <property name="SESSIONNAME" value="Console"/>
    <property name="PROCESSOR_IDENTIFIER" value="Intel64 Family 6 Model 158 Stepping 13, GenuineIntel"/>
    <property name="java.vm.specification.version" value="14"/>
    <property name="M2_HOME" value="C:\Users\dolby\Downloads\apache-maven-3.6.3"/>
    <property name="sun.cpu.endian" value="little"/>
    <property name="sun.os.patch.level" value=""/>
    <property name="OS" value="Windows_NT"/>
    <property name="java.io.tmpdir" value="C:\Users\dolby\AppData\Local\Temp\"/>
    <property name="HUDSON_HOME" value="C:\Users\dolby\.jenkins"/>
    <property name="PATH+MAVEN" value="C:\Users\dolby\Downloads\apache-maven-3.6.3/bin"/>
    <property name="ProgramFiles(x86)" value="C:\Program Files (x86)"/>
    <property name="java.vendor.url.bug" value="https://bugreport.java.com/bugreport/"/>
    <property name="BUILD_URL" value="http://localhost:8080/job/xero_build1/10/"/>
    <property name="SystemRoot" value="C:\WINDOWS"/>
    <property name="os.arch" value="amd64"/>
    <property name="user.dir" value="C:\Users\dolby\eclipse-workspace\xero_automation"/>
    <property name="JOB_URL" value="http://localhost:8080/job/xero_build1/"/>
    <property name="LOGONSERVER" value="\\DESKTOP-SJNPATC"/>
    <property name="USERDOMAIN" value="DESKTOP-SJNPATC"/>
    <property name="MAVEN_HOME" value="C:\Users\dolby\Downloads\apache-maven-3.6.3"/>
    <property name="line.separator" value="
"/>
    <property name="java.vm.name" value="Java HotSpot(TM) 64-Bit Server VM"/>
    <property name="BUILD_NUMBER" value="10"/>
    <property name="PROCESSOR_REVISION" value="9e0d"/>
    <property name="ANDROID_HOME" value="C:\Users\dolby\AppData\Local\Android\Sdk"/>
    <property name="JENKINS_URL" value="http://localhost:8080/"/>
    <property name="ProgramW6432" value="C:\Program Files"/>
    <property name="windir" value="C:\WINDOWS"/>
    <property name="=C:" value="C:\Program Files (x86)\Java\jre1.8.0_261\bin"/>
    <property name="file.encoding" value="Cp1252"/>
    <property name="SystemDrive" value="C:"/>
    <property name="maven3.interceptor" value="C:\Users\dolby\.jenkins\plugins\maven-plugin\WEB-INF\lib\maven35-interceptor-1.13.jar"/>
    <property name="WORKSPACE_TMP" value="C:\Users\dolby\eclipse-workspace\xero_automation@tmp"/>
    <property name="WORKSPACE" value="C:\Users\dolby\eclipse-workspace\xero_automation"/>
    <property name="maven3.interceptor.common" value="C:\Users\dolby\.jenkins\plugins\maven-plugin\WEB-INF\lib\maven3-interceptor-commons-1.13.jar"/>
    <property name="PSModulePath" value="C:\Program Files (x86)\WindowsPowerShell\Modules;C:\WINDOWS\system32\WindowsPowerShell\v1.0\Modules;C:\Program Files (x86)\AutoIt3\AutoItX"/>
    <property name="java.specification.version" value="14"/>
    <property name="DriverData" value="C:\Windows\System32\Drivers\DriverData"/>
  </properties>
  <testcase classname="com.ta.xero_automation.TestID_01_A_Navigate_to_XERO" name="launchPageTest" time="0.171"/>
  <testcase classname="com.ta.xero_automation.TestID_01_B_Incorrect_Password" name="launchPageTest" time="0.032"/>
  <testcase classname="com.ta.xero_automation.TestID_01_C_Incorrect_Email" name="launchPageTest" time="0.018"/>
  <testcase classname="com.ta.xero_automation.TestID_01_D_Forgot_PassWord" name="launchPageTest" time="1.263"/>
  <testcase classname="com.ta.xero_automation.TestID_02_A_SignUp_to_XDC" name="launchPageTest" time="0.055"/>
  <testcase classname="com.ta.xero_automation.TestID_02_B_SignUp_to_XDC" name="launchPageTest" time="0.077"/>
  <testcase classname="com.ta.xero_automation.TestID_02_C_SignUp_to_XDC" name="launchPageTest" time="0.087"/>
  <testcase classname="com.ta.xero_automation.TestID_02_D_SignUp_to_XDC" name="launchPageTest" time="0.056"/>
  <testcase classname="com.ta.xero_automation.TestID_02_E_SignUp_to_XDC" name="launchPageTest" time="0.052"/>
  <testcase classname="com.ta.xero_automation.TestID_03_A_Test_all_tabs_page" name="launchPageTest" time="0.026"/>
  <testcase classname="com.ta.xero_automation.TestID_04_A_Test_Logout_Functionality" name="launchPageTest" time="0.022"/>
  <testcase classname="com.ta.xero_automation.TestID_06_A_Test_Upload_profile_image" name="launchPageTest" time="0.019"/>
  <testcase classname="com.ta.xero_automation.TestID_08_A_Add_organizationTrail_version1" name="launchPageTest" time="0.023"/>
  <testcase classname="com.ta.xero_automation.TestID_08_B_Add_organizationTrail_version1" name="launchPageTest" time="0.019"/>
  <testcase classname="com.ta.xero_automation.TestID_08_C_Add_another_organization_Paid_version_1" name="launchPageTest" time="0.02"/>
  <testcase classname="com.ta.xero_automation.TestID_08_D_Add_organization_StandardPlan" name="launchPageTest" time="0.022"/>
  <testcase classname="com.ta.xero_automation.TestID_08_E_Add_another_organization_PremiumPlan" name="launchPageTest" time="0.022"/>
  <testcase classname="com.ta.xero_automation.TestID_08_F_Quickbooks_user" name="launchPageTest" time="0.022"/>
  <testcase classname="com.ta.xero_automation.TestID_10_A_CheckAll" name="launchPageTest" time="0.019"/>
  <testcase classname="com.ta.xero_automation.TestID_01_A_Navigate_to_XERO" name="logintest" time="22.909"/>
  <testcase classname="com.ta.xero_automation.TestID_01_B_Incorrect_Password" name="logintest" time="12.5"/>
  <testcase classname="com.ta.xero_automation.TestID_01_C_Incorrect_Email" name="logintest" time="12.63"/>
  <testcase classname="com.ta.xero_automation.TestID_01_D_Forgot_PassWord" name="ResetPasswordTest" time="3.069"/>
  <testcase classname="com.ta.xero_automation.TestID_02_A_SignUp_to_XDC" name="FreeTrialPageTest" time="2.37"/>
</testsuite>